#
# There is insufficient memory for the Java Runtime Environment to continue.
# Native memory allocation (malloc) failed to allocate 32744 bytes. Error detail: ChunkPool::allocate
# Possible reasons:
#   The system is out of physical RAM or swap space
#   This process is running with CompressedOops enabled, and the Java Heap may be blocking the growth of the native heap
# Possible solutions:
#   Reduce memory load on the system
#   Increase physical memory or swap space
#   Check if swap backing store is full
#   Decrease Java heap size (-Xmx/-Xms)
#   Decrease number of Java threads
#   Decrease Java thread stack sizes (-Xss)
#   Set larger code cache with -XX:ReservedCodeCacheSize=
#   JVM is running with Unscaled Compressed Oops mode in which the Java heap is
#     placed in the first 4GB address space. The Java Heap base address is the
#     maximum limit for the native heap growth. Please use -XX:HeapBaseMinAddress
#     to set the Java Heap base and to place the Java Heap above 4GB virtual address.
# This output file may be truncated or incomplete.
#
#  Out of Memory Error (arena.cpp:79), pid=61076, tid=59384
#
# JRE version: OpenJDK Runtime Environment Microsoft-11369865 (17.0.15+6) (build 17.0.15+6-LTS)
# Java VM: OpenJDK 64-Bit Server VM Microsoft-11369865 (17.0.15+6-LTS, mixed mode, sharing, tiered, compressed oops, compressed class ptrs, g1 gc, windows-amd64)
# No core dump will be written. Minidumps are not enabled by default on client versions of Windows
#

---------------  S U M M A R Y ------------

Command Line: -javaagent:C:\Users\Uddin\.m2\repository/org/aspectj/aspectjweaver/1.9.22/aspectjweaver-1.9.22.jar --add-opens=java.base/java.lang=ALL-UNNAMED --add-opens=java.base/java.lang.reflect=ALL-UNNAMED --add-opens=java.base/java.io=ALL-UNNAMED --add-opens=java.base/java.util=ALL-UNNAMED C:\Users\Uddin\AppData\Local\Temp\surefire12590652530769668838\surefirebooter-20250722183712703_3.jar C:\Users\Uddin\AppData\Local\Temp\surefire12590652530769668838 2025-07-22T18-37-12_408-jvmRun1 surefire-20250722183712703_1tmp surefire_0-20250722183712703_2tmp

Host: Intel(R) Core(TM) i7-6500U CPU @ 2.50GHz, 4 cores, 7G,  Windows 10 , 64 bit Build 19041 (10.0.19041.5915)
Time: Tue Jul 22 18:37:36 2025 Central Daylight Time elapsed time: 22.686622 seconds (0d 0h 0m 22s)

---------------  T H R E A D  ---------------

Current thread (0x0000021d6b9920a0):  JavaThread "C2 CompilerThread0" daemon [_thread_in_native, id=59384, stack(0x00000033fee00000,0x00000033fef00000)]


Current CompileTask:
C2:  22686 4754   !   4       jdk.internal.loader.BuiltinClassLoader::loadClassOrNull (143 bytes)

Stack: [0x00000033fee00000,0x00000033fef00000]
Native frames: (J=compiled Java code, j=interpreted, Vv=VM code, C=native code)
V  [jvm.dll+0x6887a9]
V  [jvm.dll+0x83f5a8]
V  [jvm.dll+0x841053]
V  [jvm.dll+0x8416c3]
V  [jvm.dll+0x2496ef]
V  [jvm.dll+0xad33c]
V  [jvm.dll+0xad7cc]
V  [jvm.dll+0xad244]
V  [jvm.dll+0x666984]
V  [jvm.dll+0x6af3f6]
V  [jvm.dll+0x6b2bcb]
V  [jvm.dll+0x1bd138]
V  [jvm.dll+0x21aa7c]
V  [jvm.dll+0x219d3f]
V  [jvm.dll+0x1a55f6]
V  [jvm.dll+0x22a39a]
V  [jvm.dll+0x2284db]
V  [jvm.dll+0x7f4e28]
V  [jvm.dll+0x7ef2dc]
V  [jvm.dll+0x687687]
C  [ucrtbase.dll+0x21bb2]
C  [KERNEL32.DLL+0x17374]
C  [ntdll.dll+0x4cc91]


---------------  P R O C E S S  ---------------

Threads class SMR info:
_java_thread_list=0x0000021d73a26710, length=28, elements={
0x0000021d4de21ed0, 0x0000021d6b971f00, 0x0000021d6b972d80, 0x0000021d6b98b650,
0x0000021d6b98d030, 0x0000021d6b9901a0, 0x0000021d6b991300, 0x0000021d6b9920a0,
0x0000021d6b999750, 0x0000021d6b9af080, 0x0000021d6b958c00, 0x0000021d7020e0f0,
0x0000021d708f3670, 0x0000021d711f0ad0, 0x0000021d71e98060, 0x0000021d724544e0,
0x0000021d72456340, 0x0000021d72455920, 0x0000021d72456850, 0x0000021d72453fd0,
0x0000021d724549f0, 0x0000021d72457270, 0x0000021d72455e30, 0x0000021d72455410,
0x0000021d72453ac0, 0x0000021d72454f00, 0x0000021d72684ec0, 0x0000021d72686300
}

Java Threads: ( => current thread )
  0x0000021d4de21ed0 JavaThread "main" [_thread_blocked, id=58472, stack(0x00000033fe100000,0x00000033fe200000)]
  0x0000021d6b971f00 JavaThread "Reference Handler" daemon [_thread_blocked, id=49704, stack(0x00000033fe800000,0x00000033fe900000)]
  0x0000021d6b972d80 JavaThread "Finalizer" daemon [_thread_blocked, id=58392, stack(0x00000033fe900000,0x00000033fea00000)]
  0x0000021d6b98b650 JavaThread "Signal Dispatcher" daemon [_thread_blocked, id=25848, stack(0x00000033fea00000,0x00000033feb00000)]
  0x0000021d6b98d030 JavaThread "Attach Listener" daemon [_thread_blocked, id=48788, stack(0x00000033feb00000,0x00000033fec00000)]
  0x0000021d6b9901a0 JavaThread "Service Thread" daemon [_thread_blocked, id=61388, stack(0x00000033fec00000,0x00000033fed00000)]
  0x0000021d6b991300 JavaThread "Monitor Deflation Thread" daemon [_thread_blocked, id=42036, stack(0x00000033fed00000,0x00000033fee00000)]
=>0x0000021d6b9920a0 JavaThread "C2 CompilerThread0" daemon [_thread_in_native, id=59384, stack(0x00000033fee00000,0x00000033fef00000)]
  0x0000021d6b999750 JavaThread "C1 CompilerThread0" daemon [_thread_blocked, id=61280, stack(0x00000033fef00000,0x00000033ff000000)]
  0x0000021d6b9af080 JavaThread "Sweeper thread" daemon [_thread_blocked, id=54256, stack(0x00000033ff000000,0x00000033ff100000)]
  0x0000021d6b958c00 JavaThread "Common-Cleaner" daemon [_thread_blocked, id=57364, stack(0x00000033ff100000,0x00000033ff200000)]
  0x0000021d7020e0f0 JavaThread "Notification Thread" daemon [_thread_blocked, id=61316, stack(0x00000033ff200000,0x00000033ff300000)]
  0x0000021d708f3670 JavaThread "surefire-forkedjvm-stream-flusher" daemon [_thread_blocked, id=51492, stack(0x00000033ff800000,0x00000033ff900000)]
  0x0000021d711f0ad0 JavaThread "surefire-forkedjvm-command-thread" daemon [_thread_in_native, id=58520, stack(0x00000033ff900000,0x00000033ffa00000)]
  0x0000021d71e98060 JavaThread "Forwarding clickElement on session b3570ece979ef126e897af542d5d757c to remote" [_thread_blocked, id=60944, stack(0x00000033ffb00000,0x00000033ffc00000)]
  0x0000021d724544e0 JavaThread "ForkJoinPool.commonPool-worker-1" daemon [_thread_blocked, id=59096, stack(0x00000033ff700000,0x00000033ff800000)]
  0x0000021d72456340 JavaThread "HttpClient-1-SelectorManager" daemon [_thread_in_native, id=54692, stack(0x00000033ffd00000,0x00000033ffe00000)]
  0x0000021d72455920 JavaThread "External Process Output Forwarder - C:\Users\Uddin\.cache\selenium\chromedriver\win64\138.0.7204.157\chromedriver.exe" daemon [_thread_in_native, id=27188, stack(0x00000033ffe00000,0x00000033fff00000)]
  0x0000021d72456850 JavaThread "Driver Service Executor" daemon [_thread_blocked, id=60968, stack(0x00000033fff00000,0x0000003400000000)]
  0x0000021d72453fd0 JavaThread "Driver Service Executor" daemon [_thread_in_native, id=61324, stack(0x0000003380000000,0x0000003380100000)]
  0x0000021d724549f0 JavaThread "UrlChecker-2" daemon [_thread_blocked, id=60260, stack(0x0000003380100000,0x0000003380200000)]
  0x0000021d72457270 JavaThread "JdkHttpClient-0-0" daemon [_thread_blocked, id=56516, stack(0x0000003380300000,0x0000003380400000)]
  0x0000021d72455e30 JavaThread "JdkHttpClient-0-1" daemon [_thread_blocked, id=53928, stack(0x0000003380400000,0x0000003380500000)]
  0x0000021d72455410 JavaThread "JdkHttpClient-0-2" daemon [_thread_blocked, id=2072, stack(0x0000003380500000,0x0000003380600000)]
  0x0000021d72453ac0 JavaThread "HttpClient-2-SelectorManager" daemon [_thread_in_native, id=60680, stack(0x0000003380200000,0x0000003380300000)]
  0x0000021d72454f00 JavaThread "JdkHttpClient-1-0" daemon [_thread_blocked, id=54592, stack(0x0000003380600000,0x0000003380700000)]
  0x0000021d72684ec0 JavaThread "JdkHttpClient-1-1" daemon [_thread_blocked, id=49484, stack(0x0000003380700000,0x0000003380800000)]
  0x0000021d72686300 JavaThread "JdkHttpClient-1-2" daemon [_thread_blocked, id=12824, stack(0x0000003380800000,0x0000003380900000)]

Other Threads:
  0x0000021d6b9693f0 VMThread "VM Thread" [stack: 0x00000033fe700000,0x00000033fe800000] [id=59496]
  0x0000021d70200d60 WatcherThread [stack: 0x00000033ff300000,0x00000033ff400000] [id=55072]
  0x0000021d4de7aa60 GCTaskThread "GC Thread#0" [stack: 0x00000033fe200000,0x00000033fe300000] [id=49504]
  0x0000021d706146c0 GCTaskThread "GC Thread#1" [stack: 0x00000033ff400000,0x00000033ff500000] [id=53864]
  0x0000021d70614ad0 GCTaskThread "GC Thread#2" [stack: 0x00000033ff500000,0x00000033ff600000] [id=23972]
  0x0000021d702c6830 GCTaskThread "GC Thread#3" [stack: 0x00000033ff600000,0x00000033ff700000] [id=43336]
  0x0000021d4de8b730 ConcurrentGCThread "G1 Main Marker" [stack: 0x00000033fe300000,0x00000033fe400000] [id=56344]
  0x0000021d4de8c8f0 ConcurrentGCThread "G1 Conc#0" [stack: 0x00000033fe400000,0x00000033fe500000] [id=49300]
  0x0000021d4dede000 ConcurrentGCThread "G1 Refine#0" [stack: 0x00000033fe500000,0x00000033fe600000] [id=60436]
  0x0000021d70b5d450 ConcurrentGCThread "G1 Refine#1" [stack: 0x00000033ffa00000,0x00000033ffb00000] [id=61212]
  0x0000021d4dedea30 ConcurrentGCThread "G1 Service" [stack: 0x00000033fe600000,0x00000033fe700000] [id=58600]

Threads with active compile tasks:
C2 CompilerThread0    22804 4754   !   4       jdk.internal.loader.BuiltinClassLoader::loadClassOrNull (143 bytes)

VM state: not at safepoint (normal execution)

VM Mutex/Monitor currently owned by a thread: None

Heap address: 0x0000000081400000, size: 2028 MB, Compressed Oops mode: 32-bit

CDS archive(s) mapped at: [0x0000021d00000000-0x0000021d00bb0000-0x0000021d00bb0000), size 12255232, SharedBaseAddress: 0x0000021d00000000, ArchiveRelocationMode: 1.
Compressed class space mapped at: 0x0000021d01000000-0x0000021d41000000, reserved size: 1073741824
Narrow klass base: 0x0000021d00000000, Narrow klass shift: 0, Narrow klass range: 0x100000000

GC Precious Log:
 CPUs: 4 total, 4 available
 Memory: 8108M
 Large Page Support: Disabled
 NUMA Support: Disabled
 Compressed Oops: Enabled (32-bit)
 Heap Region Size: 1M
 Heap Min Capacity: 8M
 Heap Initial Capacity: 128M
 Heap Max Capacity: 2028M
 Pre-touch: Disabled
 Parallel Workers: 4
 Concurrent Workers: 1
 Concurrent Refinement Workers: 4
 Periodic GC: Disabled

Heap:
 garbage-first heap   total 157696K, used 86250K [0x0000000081400000, 0x0000000100000000)
  region size 1024K, 24 young (24576K), 6 survivors (6144K)
 Metaspace       used 38012K, committed 38336K, reserved 1114112K
  class space    used 4400K, committed 4544K, reserved 1048576K

Heap Regions: E=young(eden), S=young(survivor), O=old, HS=humongous(starts), HC=humongous(continues), CS=collection set, F=free, OA=open archive, CA=closed archive, TAMS=top-at-mark-start (previous, next)
|   0|0x0000000081400000, 0x0000000081500000, 0x0000000081500000|100%| O|  |TAMS 0x0000000081500000, 0x0000000081400000| Untracked 
|   1|0x0000000081500000, 0x0000000081600000, 0x0000000081600000|100%| O|  |TAMS 0x0000000081600000, 0x0000000081500000| Untracked 
|   2|0x0000000081600000, 0x0000000081700000, 0x0000000081700000|100%| O|  |TAMS 0x0000000081700000, 0x0000000081600000| Untracked 
|   3|0x0000000081700000, 0x0000000081800000, 0x0000000081800000|100%| O|  |TAMS 0x0000000081800000, 0x0000000081700000| Untracked 
|   4|0x0000000081800000, 0x0000000081900000, 0x0000000081900000|100%| O|  |TAMS 0x0000000081900000, 0x0000000081800000| Untracked 
|   5|0x0000000081900000, 0x0000000081a00000, 0x0000000081a00000|100%| O|  |TAMS 0x0000000081a00000, 0x0000000081900000| Untracked 
|   6|0x0000000081a00000, 0x0000000081b00000, 0x0000000081b00000|100%| O|  |TAMS 0x0000000081b00000, 0x0000000081a00000| Untracked 
|   7|0x0000000081b00000, 0x0000000081c00000, 0x0000000081c00000|100%| O|  |TAMS 0x0000000081c00000, 0x0000000081b00000| Untracked 
|   8|0x0000000081c00000, 0x0000000081d00000, 0x0000000081d00000|100%| O|  |TAMS 0x0000000081d00000, 0x0000000081c00000| Untracked 
|   9|0x0000000081d00000, 0x0000000081e00000, 0x0000000081e00000|100%| O|  |TAMS 0x0000000081e00000, 0x0000000081d00000| Untracked 
|  10|0x0000000081e00000, 0x0000000081f00000, 0x0000000081f00000|100%| O|  |TAMS 0x0000000081f00000, 0x0000000081e00000| Untracked 
|  11|0x0000000081f00000, 0x0000000082000000, 0x0000000082000000|100%| O|  |TAMS 0x0000000082000000, 0x0000000081f00000| Untracked 
|  12|0x0000000082000000, 0x0000000082100000, 0x0000000082100000|100%| O|  |TAMS 0x0000000082100000, 0x0000000082000000| Untracked 
|  13|0x0000000082100000, 0x0000000082200000, 0x0000000082200000|100%| O|  |TAMS 0x0000000082200000, 0x0000000082100000| Untracked 
|  14|0x0000000082200000, 0x0000000082300000, 0x0000000082300000|100%| O|  |TAMS 0x0000000082300000, 0x0000000082200000| Untracked 
|  15|0x0000000082300000, 0x0000000082400000, 0x0000000082400000|100%| O|  |TAMS 0x0000000082400000, 0x0000000082300000| Untracked 
|  16|0x0000000082400000, 0x0000000082500000, 0x0000000082500000|100%| O|  |TAMS 0x0000000082500000, 0x0000000082400000| Untracked 
|  17|0x0000000082500000, 0x0000000082600000, 0x0000000082600000|100%| O|  |TAMS 0x0000000082600000, 0x0000000082500000| Untracked 
|  18|0x0000000082600000, 0x0000000082700000, 0x0000000082700000|100%| O|  |TAMS 0x0000000082700000, 0x0000000082600000| Untracked 
|  19|0x0000000082700000, 0x0000000082800000, 0x0000000082800000|100%| O|  |TAMS 0x0000000082800000, 0x0000000082700000| Complete 
|  20|0x0000000082800000, 0x0000000082900000, 0x0000000082900000|100%| O|  |TAMS 0x0000000082900000, 0x0000000082800000| Untracked 
|  21|0x0000000082900000, 0x0000000082a00000, 0x0000000082a00000|100%| O|  |TAMS 0x0000000082a00000, 0x0000000082900000| Untracked 
|  22|0x0000000082a00000, 0x0000000082b00000, 0x0000000082b00000|100%| O|  |TAMS 0x0000000082b00000, 0x0000000082a00000| Untracked 
|  23|0x0000000082b00000, 0x0000000082c00000, 0x0000000082c00000|100%| O|  |TAMS 0x0000000082c00000, 0x0000000082b00000| Untracked 
|  24|0x0000000082c00000, 0x0000000082d00000, 0x0000000082d00000|100%| O|  |TAMS 0x0000000082d00000, 0x0000000082c00000| Untracked 
|  25|0x0000000082d00000, 0x0000000082e00000, 0x0000000082e00000|100%| O|  |TAMS 0x0000000082e00000, 0x0000000082d00000| Untracked 
|  26|0x0000000082e00000, 0x0000000082f00000, 0x0000000082f00000|100%| O|  |TAMS 0x0000000082f00000, 0x0000000082e00000| Untracked 
|  27|0x0000000082f00000, 0x0000000083000000, 0x0000000083000000|100%| O|  |TAMS 0x0000000083000000, 0x0000000082f00000| Untracked 
|  28|0x0000000083000000, 0x0000000083100000, 0x0000000083100000|100%| O|  |TAMS 0x0000000083100000, 0x0000000083000000| Untracked 
|  29|0x0000000083100000, 0x0000000083200000, 0x0000000083200000|100%| O|  |TAMS 0x0000000083200000, 0x0000000083100000| Untracked 
|  30|0x0000000083200000, 0x0000000083300000, 0x0000000083300000|100%| O|  |TAMS 0x0000000083300000, 0x0000000083200000| Untracked 
|  31|0x0000000083300000, 0x0000000083400000, 0x0000000083400000|100%| O|  |TAMS 0x0000000083400000, 0x0000000083300000| Untracked 
|  32|0x0000000083400000, 0x0000000083500000, 0x0000000083500000|100%| O|  |TAMS 0x0000000083500000, 0x0000000083400000| Untracked 
|  33|0x0000000083500000, 0x0000000083600000, 0x0000000083600000|100%| O|  |TAMS 0x0000000083600000, 0x0000000083500000| Untracked 
|  34|0x0000000083600000, 0x0000000083700000, 0x0000000083700000|100%| O|  |TAMS 0x0000000083700000, 0x0000000083600000| Untracked 
|  35|0x0000000083700000, 0x0000000083800000, 0x0000000083800000|100%| O|  |TAMS 0x0000000083800000, 0x0000000083700000| Complete 
|  36|0x0000000083800000, 0x0000000083900000, 0x0000000083900000|100%| O|  |TAMS 0x0000000083900000, 0x0000000083800000| Untracked 
|  37|0x0000000083900000, 0x0000000083a00000, 0x0000000083a00000|100%| O|  |TAMS 0x0000000083a00000, 0x0000000083900000| Untracked 
|  38|0x0000000083a00000, 0x0000000083b00000, 0x0000000083b00000|100%| O|  |TAMS 0x0000000083b00000, 0x0000000083a00000| Untracked 
|  39|0x0000000083b00000, 0x0000000083c00000, 0x0000000083c00000|100%| O|  |TAMS 0x0000000083c00000, 0x0000000083b00000| Complete 
|  40|0x0000000083c00000, 0x0000000083d00000, 0x0000000083d00000|100%| O|  |TAMS 0x0000000083d00000, 0x0000000083c00000| Untracked 
|  41|0x0000000083d00000, 0x0000000083e00000, 0x0000000083e00000|100%| O|  |TAMS 0x0000000083e00000, 0x0000000083d00000| Complete 
|  42|0x0000000083e00000, 0x0000000083f00000, 0x0000000083f00000|100%| O|  |TAMS 0x0000000083f00000, 0x0000000083e00000| Untracked 
|  43|0x0000000083f00000, 0x0000000084000000, 0x0000000084000000|100%| O|  |TAMS 0x0000000084000000, 0x0000000083f00000| Untracked 
|  44|0x0000000084000000, 0x0000000084100000, 0x0000000084100000|100%| O|  |TAMS 0x0000000084100000, 0x0000000084000000| Untracked 
|  45|0x0000000084100000, 0x0000000084200000, 0x0000000084200000|100%| O|  |TAMS 0x0000000084200000, 0x0000000084100000| Untracked 
|  46|0x0000000084200000, 0x0000000084300000, 0x0000000084300000|100%| O|  |TAMS 0x0000000084300000, 0x0000000084200000| Untracked 
|  47|0x0000000084300000, 0x0000000084400000, 0x0000000084400000|100%| O|  |TAMS 0x0000000084400000, 0x0000000084300000| Untracked 
|  48|0x0000000084400000, 0x0000000084500000, 0x0000000084500000|100%| O|  |TAMS 0x0000000084500000, 0x0000000084400000| Untracked 
|  49|0x0000000084500000, 0x0000000084600000, 0x0000000084600000|100%| O|  |TAMS 0x0000000084600000, 0x0000000084500000| Untracked 
|  50|0x0000000084600000, 0x0000000084700000, 0x0000000084700000|100%| O|  |TAMS 0x0000000084700000, 0x0000000084600000| Untracked 
|  51|0x0000000084700000, 0x0000000084800000, 0x0000000084800000|100%| O|  |TAMS 0x0000000084800000, 0x0000000084700000| Untracked 
|  52|0x0000000084800000, 0x0000000084900000, 0x0000000084900000|100%| O|  |TAMS 0x0000000084900000, 0x0000000084800000| Complete 
|  53|0x0000000084900000, 0x0000000084a00000, 0x0000000084a00000|100%| O|  |TAMS 0x0000000084900000, 0x0000000084900000| Untracked 
|  54|0x0000000084a00000, 0x0000000084b00000, 0x0000000084b00000|100%| O|  |TAMS 0x0000000084a00000, 0x0000000084a00000| Untracked 
|  55|0x0000000084b00000, 0x0000000084c00000, 0x0000000084c00000|100%| O|  |TAMS 0x0000000084b00000, 0x0000000084b00000| Untracked 
|  56|0x0000000084c00000, 0x0000000084d00000, 0x0000000084d00000|100%| O|  |TAMS 0x0000000084c00000, 0x0000000084c00000| Untracked 
|  57|0x0000000084d00000, 0x0000000084e00000, 0x0000000084e00000|100%| O|  |TAMS 0x0000000084d00000, 0x0000000084d00000| Untracked 
|  58|0x0000000084e00000, 0x0000000084f00000, 0x0000000084f00000|100%| O|  |TAMS 0x0000000084e00000, 0x0000000084e00000| Untracked 
|  59|0x0000000084f00000, 0x0000000085000000, 0x0000000085000000|100%| O|  |TAMS 0x0000000084f00000, 0x0000000084f00000| Untracked 
|  60|0x0000000085000000, 0x0000000085100000, 0x0000000085100000|100%| O|  |TAMS 0x0000000085000000, 0x0000000085000000| Untracked 
|  61|0x0000000085100000, 0x000000008514a400, 0x0000000085200000| 29%| O|  |TAMS 0x0000000085100000, 0x0000000085100000| Untracked 
|  62|0x0000000085200000, 0x0000000085200000, 0x0000000085300000|  0%| F|  |TAMS 0x0000000085200000, 0x0000000085200000| Untracked 
|  63|0x0000000085300000, 0x0000000085300000, 0x0000000085400000|  0%| F|  |TAMS 0x0000000085300000, 0x0000000085300000| Untracked 
|  64|0x0000000085400000, 0x0000000085400000, 0x0000000085500000|  0%| F|  |TAMS 0x0000000085400000, 0x0000000085400000| Untracked 
|  65|0x0000000085500000, 0x0000000085500000, 0x0000000085600000|  0%| F|  |TAMS 0x0000000085500000, 0x0000000085500000| Untracked 
|  66|0x0000000085600000, 0x0000000085600000, 0x0000000085700000|  0%| F|  |TAMS 0x0000000085600000, 0x0000000085600000| Untracked 
|  67|0x0000000085700000, 0x0000000085700000, 0x0000000085800000|  0%| F|  |TAMS 0x0000000085700000, 0x0000000085700000| Untracked 
|  68|0x0000000085800000, 0x0000000085800000, 0x0000000085900000|  0%| F|  |TAMS 0x0000000085800000, 0x0000000085800000| Untracked 
|  69|0x0000000085900000, 0x0000000085900000, 0x0000000085a00000|  0%| F|  |TAMS 0x0000000085900000, 0x0000000085900000| Untracked 
|  70|0x0000000085a00000, 0x0000000085a00000, 0x0000000085b00000|  0%| F|  |TAMS 0x0000000085a00000, 0x0000000085a00000| Untracked 
|  71|0x0000000085b00000, 0x0000000085b00000, 0x0000000085c00000|  0%| F|  |TAMS 0x0000000085b00000, 0x0000000085b00000| Untracked 
|  72|0x0000000085c00000, 0x0000000085c00000, 0x0000000085d00000|  0%| F|  |TAMS 0x0000000085c00000, 0x0000000085c00000| Untracked 
|  73|0x0000000085d00000, 0x0000000085d00000, 0x0000000085e00000|  0%| F|  |TAMS 0x0000000085d00000, 0x0000000085d00000| Untracked 
|  74|0x0000000085e00000, 0x0000000085e00000, 0x0000000085f00000|  0%| F|  |TAMS 0x0000000085e00000, 0x0000000085e00000| Untracked 
|  75|0x0000000085f00000, 0x0000000085f00000, 0x0000000086000000|  0%| F|  |TAMS 0x0000000085f00000, 0x0000000085f00000| Untracked 
|  76|0x0000000086000000, 0x0000000086000000, 0x0000000086100000|  0%| F|  |TAMS 0x0000000086000000, 0x0000000086000000| Untracked 
|  77|0x0000000086100000, 0x0000000086100000, 0x0000000086200000|  0%| F|  |TAMS 0x0000000086100000, 0x0000000086100000| Untracked 
|  78|0x0000000086200000, 0x0000000086200000, 0x0000000086300000|  0%| F|  |TAMS 0x0000000086200000, 0x0000000086200000| Untracked 
|  79|0x0000000086300000, 0x0000000086300000, 0x0000000086400000|  0%| F|  |TAMS 0x0000000086300000, 0x0000000086300000| Untracked 
|  80|0x0000000086400000, 0x0000000086400000, 0x0000000086500000|  0%| F|  |TAMS 0x0000000086400000, 0x0000000086400000| Untracked 
|  81|0x0000000086500000, 0x0000000086500000, 0x0000000086600000|  0%| F|  |TAMS 0x0000000086500000, 0x0000000086500000| Untracked 
|  82|0x0000000086600000, 0x0000000086600000, 0x0000000086700000|  0%| F|  |TAMS 0x0000000086600000, 0x0000000086600000| Untracked 
|  83|0x0000000086700000, 0x0000000086700000, 0x0000000086800000|  0%| F|  |TAMS 0x0000000086700000, 0x0000000086700000| Untracked 
|  84|0x0000000086800000, 0x0000000086800000, 0x0000000086900000|  0%| F|  |TAMS 0x0000000086800000, 0x0000000086800000| Untracked 
|  85|0x0000000086900000, 0x0000000086900000, 0x0000000086a00000|  0%| F|  |TAMS 0x0000000086900000, 0x0000000086900000| Untracked 
|  86|0x0000000086a00000, 0x0000000086a00000, 0x0000000086b00000|  0%| F|  |TAMS 0x0000000086a00000, 0x0000000086a00000| Untracked 
|  87|0x0000000086b00000, 0x0000000086b00000, 0x0000000086c00000|  0%| F|  |TAMS 0x0000000086b00000, 0x0000000086b00000| Untracked 
|  88|0x0000000086c00000, 0x0000000086c00000, 0x0000000086d00000|  0%| F|  |TAMS 0x0000000086c00000, 0x0000000086c00000| Untracked 
|  89|0x0000000086d00000, 0x0000000086d00000, 0x0000000086e00000|  0%| F|  |TAMS 0x0000000086d00000, 0x0000000086d00000| Untracked 
|  90|0x0000000086e00000, 0x0000000086e00000, 0x0000000086f00000|  0%| F|  |TAMS 0x0000000086e00000, 0x0000000086e00000| Untracked 
|  91|0x0000000086f00000, 0x0000000086f00000, 0x0000000087000000|  0%| F|  |TAMS 0x0000000086f00000, 0x0000000086f00000| Untracked 
|  92|0x0000000087000000, 0x0000000087000000, 0x0000000087100000|  0%| F|  |TAMS 0x0000000087000000, 0x0000000087000000| Untracked 
|  93|0x0000000087100000, 0x0000000087100000, 0x0000000087200000|  0%| F|  |TAMS 0x0000000087100000, 0x0000000087100000| Untracked 
|  94|0x0000000087200000, 0x0000000087200000, 0x0000000087300000|  0%| F|  |TAMS 0x0000000087200000, 0x0000000087200000| Untracked 
|  95|0x0000000087300000, 0x0000000087300000, 0x0000000087400000|  0%| F|  |TAMS 0x0000000087300000, 0x0000000087300000| Untracked 
|  96|0x0000000087400000, 0x0000000087400000, 0x0000000087500000|  0%| F|  |TAMS 0x0000000087400000, 0x0000000087400000| Untracked 
|  97|0x0000000087500000, 0x00000000875f0438, 0x0000000087600000| 93%| S|CS|TAMS 0x0000000087500000, 0x0000000087500000| Complete 
|  98|0x0000000087600000, 0x0000000087700000, 0x0000000087700000|100%| S|CS|TAMS 0x0000000087600000, 0x0000000087600000| Complete 
|  99|0x0000000087700000, 0x0000000087800000, 0x0000000087800000|100%| S|CS|TAMS 0x0000000087700000, 0x0000000087700000| Complete 
| 100|0x0000000087800000, 0x0000000087900000, 0x0000000087900000|100%| S|CS|TAMS 0x0000000087800000, 0x0000000087800000| Complete 
| 101|0x0000000087900000, 0x0000000087a00000, 0x0000000087a00000|100%| S|CS|TAMS 0x0000000087900000, 0x0000000087900000| Complete 
| 102|0x0000000087a00000, 0x0000000087b00000, 0x0000000087b00000|100%| S|CS|TAMS 0x0000000087a00000, 0x0000000087a00000| Complete 
| 103|0x0000000087b00000, 0x0000000087b00000, 0x0000000087c00000|  0%| F|  |TAMS 0x0000000087b00000, 0x0000000087b00000| Untracked 
| 104|0x0000000087c00000, 0x0000000087c00000, 0x0000000087d00000|  0%| F|  |TAMS 0x0000000087c00000, 0x0000000087c00000| Untracked 
| 105|0x0000000087d00000, 0x0000000087d00000, 0x0000000087e00000|  0%| F|  |TAMS 0x0000000087d00000, 0x0000000087d00000| Untracked 
| 106|0x0000000087e00000, 0x0000000087e00000, 0x0000000087f00000|  0%| F|  |TAMS 0x0000000087e00000, 0x0000000087e00000| Untracked 
| 107|0x0000000087f00000, 0x0000000087f00000, 0x0000000088000000|  0%| F|  |TAMS 0x0000000087f00000, 0x0000000087f00000| Untracked 
| 108|0x0000000088000000, 0x0000000088000000, 0x0000000088100000|  0%| F|  |TAMS 0x0000000088000000, 0x0000000088000000| Untracked 
| 109|0x0000000088100000, 0x0000000088100000, 0x0000000088200000|  0%| F|  |TAMS 0x0000000088100000, 0x0000000088100000| Untracked 
| 110|0x0000000088200000, 0x0000000088200000, 0x0000000088300000|  0%| F|  |TAMS 0x0000000088200000, 0x0000000088200000| Untracked 
| 111|0x0000000088300000, 0x0000000088300000, 0x0000000088400000|  0%| F|  |TAMS 0x0000000088300000, 0x0000000088300000| Untracked 
| 112|0x0000000088400000, 0x0000000088400000, 0x0000000088500000|  0%| F|  |TAMS 0x0000000088400000, 0x0000000088400000| Untracked 
| 113|0x0000000088500000, 0x0000000088500000, 0x0000000088600000|  0%| F|  |TAMS 0x0000000088500000, 0x0000000088500000| Untracked 
| 114|0x0000000088600000, 0x0000000088600000, 0x0000000088700000|  0%| F|  |TAMS 0x0000000088600000, 0x0000000088600000| Untracked 
| 115|0x0000000088700000, 0x0000000088700000, 0x0000000088800000|  0%| F|  |TAMS 0x0000000088700000, 0x0000000088700000| Untracked 
| 116|0x0000000088800000, 0x0000000088800000, 0x0000000088900000|  0%| F|  |TAMS 0x0000000088800000, 0x0000000088800000| Untracked 
| 117|0x0000000088900000, 0x0000000088900000, 0x0000000088a00000|  0%| F|  |TAMS 0x0000000088900000, 0x0000000088900000| Untracked 
| 118|0x0000000088a00000, 0x0000000088a00000, 0x0000000088b00000|  0%| F|  |TAMS 0x0000000088a00000, 0x0000000088a00000| Untracked 
| 119|0x0000000088b00000, 0x0000000088b00000, 0x0000000088c00000|  0%| F|  |TAMS 0x0000000088b00000, 0x0000000088b00000| Untracked 
| 120|0x0000000088c00000, 0x0000000088c00000, 0x0000000088d00000|  0%| F|  |TAMS 0x0000000088c00000, 0x0000000088c00000| Untracked 
| 121|0x0000000088d00000, 0x0000000088d00000, 0x0000000088e00000|  0%| F|  |TAMS 0x0000000088d00000, 0x0000000088d00000| Untracked 
| 122|0x0000000088e00000, 0x0000000088e00000, 0x0000000088f00000|  0%| F|  |TAMS 0x0000000088e00000, 0x0000000088e00000| Untracked 
| 123|0x0000000088f00000, 0x0000000088f00000, 0x0000000089000000|  0%| F|  |TAMS 0x0000000088f00000, 0x0000000088f00000| Untracked 
| 124|0x0000000089000000, 0x0000000089000000, 0x0000000089100000|  0%| F|  |TAMS 0x0000000089000000, 0x0000000089000000| Untracked 
| 125|0x0000000089100000, 0x0000000089100000, 0x0000000089200000|  0%| F|  |TAMS 0x0000000089100000, 0x0000000089100000| Untracked 
| 126|0x0000000089200000, 0x0000000089200000, 0x0000000089300000|  0%| F|  |TAMS 0x0000000089200000, 0x0000000089200000| Untracked 
| 127|0x0000000089300000, 0x0000000089300000, 0x0000000089400000|  0%| F|  |TAMS 0x0000000089300000, 0x0000000089300000| Untracked 
| 128|0x0000000089400000, 0x0000000089400000, 0x0000000089500000|  0%| F|  |TAMS 0x0000000089400000, 0x0000000089400000| Untracked 
| 129|0x0000000089500000, 0x0000000089500000, 0x0000000089600000|  0%| F|  |TAMS 0x0000000089500000, 0x0000000089500000| Untracked 
| 130|0x0000000089600000, 0x0000000089600000, 0x0000000089700000|  0%| F|  |TAMS 0x0000000089600000, 0x0000000089600000| Untracked 
| 131|0x0000000089700000, 0x0000000089700000, 0x0000000089800000|  0%| F|  |TAMS 0x0000000089700000, 0x0000000089700000| Untracked 
| 132|0x0000000089800000, 0x0000000089800000, 0x0000000089900000|  0%| F|  |TAMS 0x0000000089800000, 0x0000000089800000| Untracked 
| 133|0x0000000089900000, 0x0000000089900000, 0x0000000089a00000|  0%| F|  |TAMS 0x0000000089900000, 0x0000000089900000| Untracked 
| 134|0x0000000089a00000, 0x0000000089a00000, 0x0000000089b00000|  0%| F|  |TAMS 0x0000000089a00000, 0x0000000089a00000| Untracked 
| 135|0x0000000089b00000, 0x0000000089b00000, 0x0000000089c00000|  0%| F|  |TAMS 0x0000000089b00000, 0x0000000089b00000| Untracked 
| 136|0x0000000089c00000, 0x0000000089c821a0, 0x0000000089d00000| 50%| E|  |TAMS 0x0000000089c00000, 0x0000000089c00000| Complete 
| 137|0x0000000089d00000, 0x0000000089e00000, 0x0000000089e00000|100%| E|CS|TAMS 0x0000000089d00000, 0x0000000089d00000| Complete 
| 138|0x0000000089e00000, 0x0000000089f00000, 0x0000000089f00000|100%| E|CS|TAMS 0x0000000089e00000, 0x0000000089e00000| Complete 
| 139|0x0000000089f00000, 0x000000008a000000, 0x000000008a000000|100%| E|CS|TAMS 0x0000000089f00000, 0x0000000089f00000| Complete 
| 140|0x000000008a000000, 0x000000008a100000, 0x000000008a100000|100%| E|CS|TAMS 0x000000008a000000, 0x000000008a000000| Complete 
| 141|0x000000008a100000, 0x000000008a200000, 0x000000008a200000|100%| E|CS|TAMS 0x000000008a100000, 0x000000008a100000| Complete 
| 142|0x000000008a200000, 0x000000008a300000, 0x000000008a300000|100%| E|CS|TAMS 0x000000008a200000, 0x000000008a200000| Complete 
| 143|0x000000008a300000, 0x000000008a400000, 0x000000008a400000|100%| E|CS|TAMS 0x000000008a300000, 0x000000008a300000| Complete 
| 144|0x000000008a400000, 0x000000008a500000, 0x000000008a500000|100%| E|CS|TAMS 0x000000008a400000, 0x000000008a400000| Complete 
| 145|0x000000008a500000, 0x000000008a600000, 0x000000008a600000|100%| E|CS|TAMS 0x000000008a500000, 0x000000008a500000| Complete 
| 146|0x000000008a600000, 0x000000008a700000, 0x000000008a700000|100%| E|CS|TAMS 0x000000008a600000, 0x000000008a600000| Complete 
| 147|0x000000008a700000, 0x000000008a800000, 0x000000008a800000|100%| E|CS|TAMS 0x000000008a700000, 0x000000008a700000| Complete 
| 148|0x000000008a800000, 0x000000008a900000, 0x000000008a900000|100%| E|CS|TAMS 0x000000008a800000, 0x000000008a800000| Complete 
| 149|0x000000008a900000, 0x000000008aa00000, 0x000000008aa00000|100%| E|CS|TAMS 0x000000008a900000, 0x000000008a900000| Complete 
| 150|0x000000008aa00000, 0x000000008ab00000, 0x000000008ab00000|100%| E|CS|TAMS 0x000000008aa00000, 0x000000008aa00000| Complete 
| 151|0x000000008ab00000, 0x000000008ac00000, 0x000000008ac00000|100%| E|CS|TAMS 0x000000008ab00000, 0x000000008ab00000| Complete 
| 152|0x000000008ac00000, 0x000000008ad00000, 0x000000008ad00000|100%| E|CS|TAMS 0x000000008ac00000, 0x000000008ac00000| Complete 
| 153|0x000000008ad00000, 0x000000008ae00000, 0x000000008ae00000|100%| E|CS|TAMS 0x000000008ad00000, 0x000000008ad00000| Complete 

Card table byte_map: [0x0000021d64d70000,0x0000021d65170000] _byte_map_base: 0x0000021d64966000

Marking Bits (Prev, Next): (CMBitMap*) 0x0000021d4de7b080, (CMBitMap*) 0x0000021d4de7b0c0
 Prev Bits: [0x0000021d65570000, 0x0000021d67520000)
 Next Bits: [0x0000021d67520000, 0x0000021d694d0000)

Polling page: 0x0000021d4bc40000

Metaspace:

Usage:
  Non-class:     32.82 MB used.
      Class:      4.30 MB used.
       Both:     37.12 MB used.

Virtual space:
  Non-class space:       64.00 MB reserved,      33.00 MB ( 52%) committed,  1 nodes.
      Class space:        1.00 GB reserved,       4.44 MB ( <1%) committed,  1 nodes.
             Both:        1.06 GB reserved,      37.44 MB (  3%) committed. 

Chunk freelists:
   Non-Class:  14.70 MB
       Class:  11.38 MB
        Both:  26.08 MB

MaxMetaspaceSize: unlimited
CompressedClassSpaceSize: 1.00 GB
Initial GC threshold: 21.00 MB
Current GC threshold: 60.00 MB
CDS: on
MetaspaceReclaimPolicy: balanced
 - commit_granule_bytes: 65536.
 - commit_granule_words: 8192.
 - virtual_space_node_default_size: 8388608.
 - enlarge_chunks_in_place: 1.
 - new_chunks_are_fully_committed: 0.
 - uncommit_free_chunks: 1.
 - use_allocation_guard: 0.
 - handle_deallocations: 1.


Internal statistics:

num_allocs_failed_limit: 9.
num_arena_births: 448.
num_arena_deaths: 2.
num_vsnodes_births: 2.
num_vsnodes_deaths: 0.
num_space_committed: 599.
num_space_uncommitted: 0.
num_chunks_returned_to_freelist: 11.
num_chunks_taken_from_freelist: 1545.
num_chunk_merges: 6.
num_chunk_splits: 1096.
num_chunks_enlarged: 862.
num_inconsistent_stats: 0.

CodeHeap 'non-profiled nmethods': size=120000Kb used=3089Kb max_used=3089Kb free=116910Kb
 bounds [0x0000021d5d440000, 0x0000021d5d750000, 0x0000021d64970000]
CodeHeap 'profiled nmethods': size=120000Kb used=8047Kb max_used=8433Kb free=111953Kb
 bounds [0x0000021d55970000, 0x0000021d561b0000, 0x0000021d5cea0000]
CodeHeap 'non-nmethods': size=5760Kb used=1281Kb max_used=1368Kb free=4478Kb
 bounds [0x0000021d5cea0000, 0x0000021d5d110000, 0x0000021d5d440000]
 total_blobs=4743 nmethods=4149 adapters=506
 compilation: enabled
              stopped_count=0, restarted_count=0
 full_count=0

Compilation events (20 events):
Event: 22.209 Thread 0x0000021d6b999750 nmethod 4751 0x0000021d55d7d310 code [0x0000021d55d7d500, 0x0000021d55d7da48]
Event: 22.210 Thread 0x0000021d6b999750 4752       1       java.util.AbstractList$RandomAccessSpliterator::characteristics (4 bytes)
Event: 22.210 Thread 0x0000021d6b999750 nmethod 4752 0x0000021d5d743c10 code [0x0000021d5d743da0, 0x0000021d5d743e78]
Event: 22.213 Thread 0x0000021d6b999750 4753       1       java.lang.Thread::getName (5 bytes)
Event: 22.213 Thread 0x0000021d6b999750 nmethod 4753 0x0000021d5d743f10 code [0x0000021d5d7440a0, 0x0000021d5d744178]
Event: 22.213 Thread 0x0000021d6b9920a0 4754   !   4       jdk.internal.loader.BuiltinClassLoader::loadClassOrNull (143 bytes)
Event: 22.217 Thread 0x0000021d6b999750 4755       3       java.lang.invoke.DirectMethodHandle$Holder::newInvokeSpecial (21 bytes)
Event: 22.218 Thread 0x0000021d6b999750 nmethod 4755 0x0000021d55b77f10 code [0x0000021d55b78100, 0x0000021d55b788c8]
Event: 22.218 Thread 0x0000021d6b999750 4757       3       java.util.Optional::map (30 bytes)
Event: 22.219 Thread 0x0000021d6b999750 nmethod 4757 0x0000021d55b77410 code [0x0000021d55b77620, 0x0000021d55b77cf8]
Event: 22.222 Thread 0x0000021d6b999750 4758       1       java.net.InetAddress::holder (5 bytes)
Event: 22.222 Thread 0x0000021d6b999750 nmethod 4758 0x0000021d5d744210 code [0x0000021d5d7443a0, 0x0000021d5d744478]
Event: 22.224 Thread 0x0000021d6b999750 4759       3       java.util.TreeMap::addEntryToEmptyMap (37 bytes)
Event: 22.225 Thread 0x0000021d6b999750 nmethod 4759 0x0000021d55b76910 code [0x0000021d55b76b00, 0x0000021d55b771f8]
Event: 22.225 Thread 0x0000021d6b999750 4761       3       java.lang.invoke.VarHandleReferences$FieldInstanceReadWrite::compareAndSet (48 bytes)
Event: 22.226 Thread 0x0000021d6b999750 nmethod 4761 0x0000021d55b75890 code [0x0000021d55b75b00, 0x0000021d55b76568]
Event: 22.226 Thread 0x0000021d6b999750 4760       3       java.util.List::of (64 bytes)
Event: 22.226 Thread 0x0000021d6b999750 nmethod 4760 0x0000021d55b74510 code [0x0000021d55b747a0, 0x0000021d55b75458]
Event: 22.257 Thread 0x0000021d6b999750 4762       3       java.lang.Math::min (12 bytes)
Event: 22.258 Thread 0x0000021d6b999750 nmethod 4762 0x0000021d55d7cd90 code [0x0000021d55d7cf20, 0x0000021d55d7d058]

GC Heap History (20 events):
Event: 2.441 GC heap before
{Heap before GC invocations=2 (full 0):
 garbage-first heap   total 131072K, used 30863K [0x0000000081400000, 0x0000000100000000)
  region size 1024K, 27 young (27648K), 2 survivors (2048K)
 Metaspace       used 8710K, committed 8832K, reserved 1114112K
  class space    used 773K, committed 832K, reserved 1048576K
}
Event: 2.452 GC heap after
{Heap after GC invocations=3 (full 0):
 garbage-first heap   total 131072K, used 11563K [0x0000000081400000, 0x0000000100000000)
  region size 1024K, 4 young (4096K), 4 survivors (4096K)
 Metaspace       used 8710K, committed 8832K, reserved 1114112K
  class space    used 773K, committed 832K, reserved 1048576K
}
Event: 3.577 GC heap before
{Heap before GC invocations=3 (full 0):
 garbage-first heap   total 131072K, used 54571K [0x0000000081400000, 0x0000000100000000)
  region size 1024K, 46 young (47104K), 4 survivors (4096K)
 Metaspace       used 12063K, committed 12224K, reserved 1114112K
  class space    used 1129K, committed 1216K, reserved 1048576K
}
Event: 3.593 GC heap after
{Heap after GC invocations=4 (full 0):
 garbage-first heap   total 131072K, used 19857K [0x0000000081400000, 0x0000000100000000)
  region size 1024K, 6 young (6144K), 6 survivors (6144K)
 Metaspace       used 12063K, committed 12224K, reserved 1114112K
  class space    used 1129K, committed 1216K, reserved 1048576K
}
Event: 4.581 GC heap before
{Heap before GC invocations=4 (full 0):
 garbage-first heap   total 131072K, used 77201K [0x0000000081400000, 0x0000000100000000)
  region size 1024K, 62 young (63488K), 6 survivors (6144K)
 Metaspace       used 14764K, committed 14912K, reserved 1114112K
  class space    used 1406K, committed 1472K, reserved 1048576K
}
Event: 4.602 GC heap after
{Heap after GC invocations=5 (full 0):
 garbage-first heap   total 131072K, used 28644K [0x0000000081400000, 0x0000000100000000)
  region size 1024K, 8 young (8192K), 8 survivors (8192K)
 Metaspace       used 14764K, committed 14912K, reserved 1114112K
  class space    used 1406K, committed 1472K, reserved 1048576K
}
Event: 5.807 GC heap before
{Heap before GC invocations=5 (full 0):
 garbage-first heap   total 131072K, used 82916K [0x0000000081400000, 0x0000000100000000)
  region size 1024K, 61 young (62464K), 8 survivors (8192K)
 Metaspace       used 18454K, committed 18752K, reserved 1114112K
  class space    used 1924K, committed 2048K, reserved 1048576K
}
Event: 5.831 GC heap after
{Heap after GC invocations=6 (full 0):
 garbage-first heap   total 131072K, used 35510K [0x0000000081400000, 0x0000000100000000)
  region size 1024K, 8 young (8192K), 8 survivors (8192K)
 Metaspace       used 18454K, committed 18752K, reserved 1114112K
  class space    used 1924K, committed 2048K, reserved 1048576K
}
Event: 6.688 GC heap before
{Heap before GC invocations=6 (full 0):
 garbage-first heap   total 131072K, used 88758K [0x0000000081400000, 0x0000000100000000)
  region size 1024K, 60 young (61440K), 8 survivors (8192K)
 Metaspace       used 20780K, committed 21120K, reserved 1114112K
  class space    used 2154K, committed 2304K, reserved 1048576K
}
Event: 6.706 GC heap after
{Heap after GC invocations=7 (full 0):
 garbage-first heap   total 157696K, used 45056K [0x0000000081400000, 0x0000000100000000)
  region size 1024K, 8 young (8192K), 8 survivors (8192K)
 Metaspace       used 20780K, committed 21120K, reserved 1114112K
  class space    used 2154K, committed 2304K, reserved 1048576K
}
Event: 6.837 GC heap before
{Heap before GC invocations=7 (full 0):
 garbage-first heap   total 157696K, used 57344K [0x0000000081400000, 0x0000000100000000)
  region size 1024K, 21 young (21504K), 8 survivors (8192K)
 Metaspace       used 21247K, committed 21504K, reserved 1114112K
  class space    used 2209K, committed 2304K, reserved 1048576K
}
Event: 6.853 GC heap after
{Heap after GC invocations=8 (full 0):
 garbage-first heap   total 157696K, used 47867K [0x0000000081400000, 0x0000000100000000)
  region size 1024K, 2 young (2048K), 2 survivors (2048K)
 Metaspace       used 21247K, committed 21504K, reserved 1114112K
  class space    used 2209K, committed 2304K, reserved 1048576K
}
Event: 8.246 GC heap before
{Heap before GC invocations=9 (full 0):
 garbage-first heap   total 157696K, used 111355K [0x0000000081400000, 0x0000000100000000)
  region size 1024K, 64 young (65536K), 2 survivors (2048K)
 Metaspace       used 24769K, committed 25088K, reserved 1114112K
  class space    used 2718K, committed 2880K, reserved 1048576K
}
Event: 8.255 GC heap after
{Heap after GC invocations=10 (full 0):
 garbage-first heap   total 157696K, used 52370K [0x0000000081400000, 0x0000000100000000)
  region size 1024K, 7 young (7168K), 7 survivors (7168K)
 Metaspace       used 24769K, committed 25088K, reserved 1114112K
  class space    used 2718K, committed 2880K, reserved 1048576K
}
Event: 8.285 GC heap before
{Heap before GC invocations=10 (full 0):
 garbage-first heap   total 157696K, used 53394K [0x0000000081400000, 0x0000000100000000)
  region size 1024K, 8 young (8192K), 7 survivors (7168K)
 Metaspace       used 24829K, committed 25152K, reserved 1114112K
  class space    used 2730K, committed 2880K, reserved 1048576K
}
Event: 8.295 GC heap after
{Heap after GC invocations=11 (full 0):
 garbage-first heap   total 157696K, used 52209K [0x0000000081400000, 0x0000000100000000)
  region size 1024K, 1 young (1024K), 1 survivors (1024K)
 Metaspace       used 24829K, committed 25152K, reserved 1114112K
  class space    used 2730K, committed 2880K, reserved 1048576K
}
Event: 9.535 GC heap before
{Heap before GC invocations=11 (full 0):
 garbage-first heap   total 157696K, used 116721K [0x0000000081400000, 0x0000000100000000)
  region size 1024K, 64 young (65536K), 1 survivors (1024K)
 Metaspace       used 29378K, committed 29760K, reserved 1114112K
  class space    used 3222K, committed 3392K, reserved 1048576K
}
Event: 9.549 GC heap after
{Heap after GC invocations=12 (full 0):
 garbage-first heap   total 157696K, used 62464K [0x0000000081400000, 0x0000000100000000)
  region size 1024K, 8 young (8192K), 8 survivors (8192K)
 Metaspace       used 29378K, committed 29760K, reserved 1114112K
  class space    used 3222K, committed 3392K, reserved 1048576K
}
Event: 12.759 GC heap before
{Heap before GC invocations=12 (full 0):
 garbage-first heap   total 157696K, used 113664K [0x0000000081400000, 0x0000000100000000)
  region size 1024K, 59 young (60416K), 8 survivors (8192K)
 Metaspace       used 36068K, committed 36416K, reserved 1114112K
  class space    used 4116K, committed 4288K, reserved 1048576K
}
Event: 12.775 GC heap after
{Heap after GC invocations=13 (full 0):
 garbage-first heap   total 157696K, used 68842K [0x0000000081400000, 0x0000000100000000)
  region size 1024K, 6 young (6144K), 6 survivors (6144K)
 Metaspace       used 36068K, committed 36416K, reserved 1114112K
  class space    used 4116K, committed 4288K, reserved 1048576K
}

Dll operation events (13 events):
Event: 0.013 Loaded shared library C:\Users\Uddin\.jdks\ms-17.0.15\bin\java.dll
Event: 0.035 Loaded shared library C:\Users\Uddin\.jdks\ms-17.0.15\bin\jsvml.dll
Event: 0.113 Loaded shared library C:\Users\Uddin\.jdks\ms-17.0.15\bin\zip.dll
Event: 0.118 Loaded shared library C:\Users\Uddin\.jdks\ms-17.0.15\bin\instrument.dll
Event: 0.125 Loaded shared library C:\Users\Uddin\.jdks\ms-17.0.15\bin\net.dll
Event: 0.128 Loaded shared library C:\Users\Uddin\.jdks\ms-17.0.15\bin\nio.dll
Event: 0.130 Loaded shared library C:\Users\Uddin\.jdks\ms-17.0.15\bin\zip.dll
Event: 0.456 Loaded shared library C:\Users\Uddin\.jdks\ms-17.0.15\bin\jimage.dll
Event: 0.529 Loaded shared library C:\Users\Uddin\.jdks\ms-17.0.15\bin\verify.dll
Event: 1.827 Loaded shared library C:\Users\Uddin\.jdks\ms-17.0.15\bin\management.dll
Event: 1.838 Loaded shared library C:\Users\Uddin\.jdks\ms-17.0.15\bin\management_ext.dll
Event: 9.672 Loaded shared library C:\Users\Uddin\.jdks\ms-17.0.15\bin\extnet.dll
Event: 9.855 Loaded shared library C:\Users\Uddin\.jdks\ms-17.0.15\bin\sunmscapi.dll

Deoptimization events (20 events):
Event: 12.118 Thread 0x0000021d71e98060 Uncommon trap: trap_request=0xffffff45 fr.pc=0x0000021d5d4e6a08 relative=0x00000000000009a8
Event: 12.118 Thread 0x0000021d71e98060 Uncommon trap: reason=unstable_if action=reinterpret pc=0x0000021d5d4e6a08 method=org.aspectj.weaver.ReferenceType.isAssignableFrom(Lorg/aspectj/weaver/ResolvedType;Z)Z @ 825 c2
Event: 12.118 Thread 0x0000021d71e98060 DEOPT PACKING pc=0x0000021d5d4e6a08 sp=0x00000033ffbf82b0
Event: 12.118 Thread 0x0000021d71e98060 DEOPT UNPACKING pc=0x0000021d5cef69a3 sp=0x00000033ffbf8248 mode 2
Event: 12.199 Thread 0x0000021d71e98060 Uncommon trap: trap_request=0xffffff45 fr.pc=0x0000021d5d5adb8c relative=0x0000000000003e0c
Event: 12.199 Thread 0x0000021d71e98060 Uncommon trap: reason=unstable_if action=reinterpret pc=0x0000021d5d5adb8c method=java.net.URLStreamHandler.parseURL(Ljava/net/URL;Ljava/lang/String;II)V @ 698 c2
Event: 12.199 Thread 0x0000021d71e98060 DEOPT PACKING pc=0x0000021d5d5adb8c sp=0x00000033ffbfc7e0
Event: 12.199 Thread 0x0000021d71e98060 DEOPT UNPACKING pc=0x0000021d5cef69a3 sp=0x00000033ffbfc7a0 mode 2
Event: 12.655 Thread 0x0000021d71e98060 DEOPT PACKING pc=0x0000021d55f76043 sp=0x00000033ffbfa560
Event: 12.655 Thread 0x0000021d71e98060 DEOPT UNPACKING pc=0x0000021d5cef7143 sp=0x00000033ffbf99d0 mode 0
Event: 12.668 Thread 0x0000021d71e98060 Uncommon trap: trap_request=0xffffffde fr.pc=0x0000021d5d5c2288 relative=0x0000000000002d08
Event: 12.668 Thread 0x0000021d71e98060 Uncommon trap: reason=class_check action=maybe_recompile pc=0x0000021d5d5c2288 method=org.aspectj.apache.bcel.classfile.FieldOrMethod.getAnnotations()[Lorg/aspectj/apache/bcel/classfile/annotation/AnnotationGen; @ 48 c2
Event: 12.668 Thread 0x0000021d71e98060 DEOPT PACKING pc=0x0000021d5d5c2288 sp=0x00000033ffbf8bc0
Event: 12.668 Thread 0x0000021d71e98060 DEOPT UNPACKING pc=0x0000021d5cef69a3 sp=0x00000033ffbf8ae0 mode 2
Event: 19.056 Thread 0x0000021d71e98060 DEOPT PACKING pc=0x0000021d55b5e330 sp=0x00000033ffbf7ac0
Event: 19.056 Thread 0x0000021d71e98060 DEOPT UNPACKING pc=0x0000021d5cef7143 sp=0x00000033ffbf70e0 mode 0
Event: 19.137 Thread 0x0000021d71e98060 Uncommon trap: trap_request=0xffffff45 fr.pc=0x0000021d5d493180 relative=0x00000000000012e0
Event: 19.137 Thread 0x0000021d71e98060 Uncommon trap: reason=unstable_if action=reinterpret pc=0x0000021d5d493180 method=java.util.concurrent.ConcurrentHashMap.putVal(Ljava/lang/Object;Ljava/lang/Object;Z)Ljava/lang/Object; @ 231 c2
Event: 19.137 Thread 0x0000021d71e98060 DEOPT PACKING pc=0x0000021d5d493180 sp=0x00000033ffbfc760
Event: 19.137 Thread 0x0000021d71e98060 DEOPT UNPACKING pc=0x0000021d5cef69a3 sp=0x00000033ffbfc6e0 mode 2

Classes loaded (20 events):
Event: 19.344 Loading class java/lang/StackStreamFactory$FrameBuffer done
Event: 19.344 Loading class java/lang/StackStreamFactory$StackFrameTraverser$StackFrameBuffer done
Event: 19.346 Loading class java/text/FieldPosition$Delegate
Event: 19.347 Loading class java/text/FieldPosition$Delegate done
Event: 19.347 Loading class java/util/logging/Level$RbAccess
Event: 19.347 Loading class java/util/logging/Level$RbAccess done
Event: 19.347 Loading class sun/util/logging/resources/logging
Event: 19.348 Loading class sun/util/logging/resources/logging done
Event: 19.348 Loading class sun/util/logging/resources/logging_en
Event: 19.348 Loading class sun/util/logging/resources/logging_en done
Event: 19.348 Loading class sun/util/logging/resources/logging_en
Event: 19.348 Loading class sun/util/logging/resources/logging_en done
Event: 19.349 Loading class sun/util/logging/resources/logging_en_US
Event: 19.349 Loading class sun/util/logging/resources/logging_en_US done
Event: 19.349 Loading class sun/util/logging/resources/logging_en_US
Event: 19.349 Loading class sun/util/logging/resources/logging_en_US done
Event: 19.349 Loading class java/util/Formatter$DateTime
Event: 19.350 Loading class java/util/Formatter$DateTime done
Event: 22.215 Loading class java/net/URLEncoder
Event: 22.217 Loading class java/net/URLEncoder done

Classes unloaded (1 events):
Event: 6.935 Thread 0x0000021d6b9693f0 Unloading class 0x0000021d01010000 'org/aspectj/mirror/AccessibleObject'

Classes redefined (0 events):
No events

Internal exceptions (20 events):
Event: 12.236 Thread 0x0000021d71e98060 Exception <a 'java/lang/NoSuchMethodError'{0x00000000889d8490}: 'int java.lang.invoke.DirectMethodHandle$Holder.invokeSpecialIFC(java.lang.Object, java.lang.Object, java.lang.Object)'> (0x00000000889d8490) 
thrown [s\src\hotspot\share\interpreter\linkResolver.cpp, line 759]
Event: 12.345 Thread 0x0000021d71e98060 Exception <a 'java/lang/IncompatibleClassChangeError'{0x0000000088410a50}: Found class java.lang.Object, but interface was expected> (0x0000000088410a50) 
thrown [s\src\hotspot\share\interpreter\linkResolver.cpp, line 826]
Event: 12.348 Thread 0x0000021d71e98060 Exception <a 'java/lang/NoSuchMethodError'{0x000000008841a058}: 'int java.lang.invoke.DirectMethodHandle$Holder.invokeSpecialIFC(java.lang.Object, java.lang.Object, java.lang.Object, java.lang.Object)'> (0x000000008841a058) 
thrown [s\src\hotspot\share\interpreter\linkResolver.cpp, line 759]
Event: 12.402 Thread 0x0000021d724549f0 Exception <a 'java/net/ConnectException'{0x0000000088229270}: Connection refused: getsockopt> (0x0000000088229270) 
thrown [s\src\hotspot\share\prims\jni.cpp, line 535]
Event: 12.402 Thread 0x0000021d724549f0 Exception <a 'java/net/SocketException'{0x00000000882295a8}: Socket is not connected: shutdown> (0x00000000882295a8) 
thrown [s\src\hotspot\share\prims\jni.cpp, line 535]
Event: 12.429 Thread 0x0000021d724549f0 Exception <a 'java/net/ConnectException'{0x000000008822af50}: Connection refused: getsockopt> (0x000000008822af50) 
thrown [s\src\hotspot\share\prims\jni.cpp, line 535]
Event: 12.429 Thread 0x0000021d724549f0 Exception <a 'java/net/SocketException'{0x000000008822b288}: Socket is not connected: shutdown> (0x000000008822b288) 
thrown [s\src\hotspot\share\prims\jni.cpp, line 535]
Event: 12.460 Thread 0x0000021d724549f0 Exception <a 'java/net/ConnectException'{0x000000008822c1d0}: Connection refused: getsockopt> (0x000000008822c1d0) 
thrown [s\src\hotspot\share\prims\jni.cpp, line 535]
Event: 12.461 Thread 0x0000021d724549f0 Exception <a 'java/net/SocketException'{0x000000008822c508}: Socket is not connected: shutdown> (0x000000008822c508) 
thrown [s\src\hotspot\share\prims\jni.cpp, line 535]
Event: 12.508 Thread 0x0000021d724549f0 Exception <a 'java/net/ConnectException'{0x000000008822d450}: Connection refused: getsockopt> (0x000000008822d450) 
thrown [s\src\hotspot\share\prims\jni.cpp, line 535]
Event: 12.509 Thread 0x0000021d724549f0 Exception <a 'java/net/SocketException'{0x000000008822d788}: Socket is not connected: shutdown> (0x000000008822d788) 
thrown [s\src\hotspot\share\prims\jni.cpp, line 535]
Event: 12.645 Thread 0x0000021d71e98060 Exception <a 'java/lang/NoSuchMethodError'{0x0000000088027628}: 'double java.lang.invoke.DirectMethodHandle$Holder.invokeVirtual(java.lang.Object, java.lang.Object)'> (0x0000000088027628) 
thrown [s\src\hotspot\share\interpreter\linkResolver.cpp, line 759]
Event: 12.646 Thread 0x0000021d71e98060 Exception <a 'java/lang/NoSuchMethodError'{0x000000008802de78}: 'float java.lang.invoke.DirectMethodHandle$Holder.invokeVirtual(java.lang.Object, java.lang.Object)'> (0x000000008802de78) 
thrown [s\src\hotspot\share\interpreter\linkResolver.cpp, line 759]
Event: 12.647 Thread 0x0000021d71e98060 Exception <a 'java/lang/NoSuchMethodError'{0x00000000880370e0}: 'long java.lang.invoke.DirectMethodHandle$Holder.invokeVirtual(java.lang.Object, java.lang.Object)'> (0x00000000880370e0) 
thrown [s\src\hotspot\share\interpreter\linkResolver.cpp, line 759]
Event: 12.688 Thread 0x0000021d71e98060 Exception <a 'java/lang/NoSuchMethodError'{0x0000000087ed71d8}: 'java.lang.Object java.lang.invoke.DirectMethodHandle$Holder.newInvokeSpecial(java.lang.Object, java.lang.Object, int, int)'> (0x0000000087ed71d8) 
thrown [s\src\hotspot\share\interpreter\linkResolver.cpp, line 759]
Event: 12.688 Thread 0x0000021d71e98060 Exception <a 'java/lang/NoSuchMethodError'{0x0000000087ee1f28}: 'void java.lang.invoke.DirectMethodHandle$Holder.invokeStatic(java.lang.Object, java.lang.Object, int)'> (0x0000000087ee1f28) 
thrown [s\src\hotspot\share\interpreter\linkResolver.cpp, line 759]
Event: 12.734 Thread 0x0000021d71e98060 Exception <a 'java/lang/NoSuchMethodError'{0x0000000087c9f728}: 'void java.lang.invoke.DirectMethodHandle$Holder.invokeStatic(java.lang.Object, java.lang.Object, java.lang.Object, java.lang.Object, java.lang.Object, java.lang.Object, java.lang.Object)'> (0x0000000087c9f728) 
thrown [s\src\hotspot\share\interpreter\linkResolver.cpp, line 759]
Event: 18.988 Thread 0x0000021d72455410 Exception <a 'java/lang/NoSuchMethodError'{0x000000008abeca28}: 'java.lang.Object java.lang.invoke.DirectMethodHandle$Holder.newInvokeSpecial(java.lang.Object, java.lang.Object, long, java.lang.Object, java.lang.Object, java.lang.Object)'> (0x000000008abeca28) 
thrown [s\src\hotspot\share\interpreter\linkResolver.cpp, line 759]
Event: 19.035 Thread 0x0000021d71e98060 Exception <a 'java/lang/NoSuchMethodError'{0x000000008aa97f18}: 'java.lang.Object java.lang.invoke.DirectMethodHandle$Holder.invokeSpecialIFC(java.lang.Object, java.lang.Object, java.lang.Object)'> (0x000000008aa97f18) 
thrown [s\src\hotspot\share\interpreter\linkResolver.cpp, line 759]
Event: 19.347 Thread 0x0000021d71e98060 Exception <a 'java/lang/ClassNotFoundException'{0x0000000089e54358}: sun/util/logging/resources/spi/loggingProvider> (0x0000000089e54358) 
thrown [s\src\hotspot\share\classfile\systemDictionary.cpp, line 256]

VM Operations (20 events):
Event: 12.615 Executing VM operation: HandshakeAllThreads
Event: 12.615 Executing VM operation: HandshakeAllThreads done
Event: 12.619 Executing VM operation: HandshakeAllThreads
Event: 12.619 Executing VM operation: HandshakeAllThreads done
Event: 12.759 Executing VM operation: CollectForMetadataAllocation
Event: 12.775 Executing VM operation: CollectForMetadataAllocation done
Event: 12.891 Executing VM operation: CollectForMetadataAllocation
Event: 12.891 Executing VM operation: CollectForMetadataAllocation done
Event: 12.909 Executing VM operation: G1PauseRemark
Event: 12.914 Executing VM operation: G1PauseRemark done
Event: 12.975 Executing VM operation: G1PauseCleanup
Event: 12.975 Executing VM operation: G1PauseCleanup done
Event: 16.005 Executing VM operation: Cleanup
Event: 16.005 Executing VM operation: Cleanup done
Event: 18.963 Executing VM operation: HandshakeAllThreads
Event: 18.963 Executing VM operation: HandshakeAllThreads done
Event: 19.976 Executing VM operation: Cleanup
Event: 19.976 Executing VM operation: Cleanup done
Event: 21.991 Executing VM operation: Cleanup
Event: 21.991 Executing VM operation: Cleanup done

Memory protections (0 events):
No events

Nmethod flushes (20 events):
Event: 9.156 Thread 0x0000021d6b9af080 flushing  nmethod 0x0000021d56048590
Event: 9.156 Thread 0x0000021d6b9af080 flushing  nmethod 0x0000021d56048910
Event: 9.156 Thread 0x0000021d6b9af080 flushing  nmethod 0x0000021d56048c90
Event: 9.156 Thread 0x0000021d6b9af080 flushing  nmethod 0x0000021d5604a210
Event: 9.156 Thread 0x0000021d6b9af080 flushing  nmethod 0x0000021d5604d510
Event: 9.156 Thread 0x0000021d6b9af080 flushing  nmethod 0x0000021d56072b90
Event: 9.156 Thread 0x0000021d6b9af080 flushing  nmethod 0x0000021d5608e510
Event: 9.156 Thread 0x0000021d6b9af080 flushing  nmethod 0x0000021d5608e910
Event: 9.157 Thread 0x0000021d6b9af080 flushing  nmethod 0x0000021d560b8c90
Event: 9.158 Thread 0x0000021d6b9af080 flushing  nmethod 0x0000021d56105610
Event: 9.158 Thread 0x0000021d6b9af080 flushing  nmethod 0x0000021d5610c190
Event: 9.158 Thread 0x0000021d6b9af080 flushing  nmethod 0x0000021d56113810
Event: 9.158 Thread 0x0000021d6b9af080 flushing  nmethod 0x0000021d56117990
Event: 9.158 Thread 0x0000021d6b9af080 flushing  nmethod 0x0000021d56123490
Event: 9.158 Thread 0x0000021d6b9af080 flushing  nmethod 0x0000021d56123890
Event: 9.158 Thread 0x0000021d6b9af080 flushing  nmethod 0x0000021d56123d10
Event: 9.158 Thread 0x0000021d6b9af080 flushing  nmethod 0x0000021d56126390
Event: 9.158 Thread 0x0000021d6b9af080 flushing  nmethod 0x0000021d56126910
Event: 9.158 Thread 0x0000021d6b9af080 flushing  nmethod 0x0000021d56126e10
Event: 9.158 Thread 0x0000021d6b9af080 flushing  nmethod 0x0000021d56130e10

Events (20 events):
Event: 1.446 Thread 0x0000021d6b999750 Thread added: 0x0000021d7027c750
Event: 1.949 Thread 0x0000021d4de21ed0 Thread added: 0x0000021d708f3670
Event: 2.041 Thread 0x0000021d4de21ed0 Thread added: 0x0000021d711f0ad0
Event: 5.370 Thread 0x0000021d4de21ed0 Thread added: 0x0000021d71e98060
Event: 11.725 Thread 0x0000021d7027c750 Thread exited: 0x0000021d7027c750
Event: 12.190 Thread 0x0000021d71e98060 Thread added: 0x0000021d724544e0
Event: 12.299 Thread 0x0000021d71e98060 Thread added: 0x0000021d72456340
Event: 12.378 Thread 0x0000021d71e98060 Thread added: 0x0000021d72455920
Event: 12.380 Thread 0x0000021d71e98060 Thread added: 0x0000021d72456850
Event: 12.381 Thread 0x0000021d71e98060 Thread added: 0x0000021d72453fd0
Event: 12.385 Thread 0x0000021d72456850 Thread added: 0x0000021d724549f0
Event: 12.618 Thread 0x0000021d724549f0 Thread added: 0x0000021d72454f00
Event: 12.759 Thread 0x0000021d71e98060 Thread added: 0x0000021d72457270
Event: 12.964 Thread 0x0000021d72456340 Thread added: 0x0000021d72455e30
Event: 12.966 Thread 0x0000021d72456340 Thread added: 0x0000021d72455410
Event: 17.632 Thread 0x0000021d72454f00 Thread exited: 0x0000021d72454f00
Event: 19.182 Thread 0x0000021d71e98060 Thread added: 0x0000021d72453ac0
Event: 19.185 Thread 0x0000021d71e98060 Thread added: 0x0000021d72454f00
Event: 19.189 Thread 0x0000021d72453ac0 Thread added: 0x0000021d72684ec0
Event: 19.224 Thread 0x0000021d72453ac0 Thread added: 0x0000021d72686300


Dynamic libraries:
0x00007ff647330000 - 0x00007ff64733e000 	C:\Users\Uddin\.jdks\ms-17.0.15\bin\java.exe
0x00007ff8eb590000 - 0x00007ff8eb788000 	C:\WINDOWS\SYSTEM32\ntdll.dll
0x00007ff8eb480000 - 0x00007ff8eb542000 	C:\WINDOWS\System32\KERNEL32.DLL
0x00007ff8e8d80000 - 0x00007ff8e9076000 	C:\WINDOWS\System32\KERNELBASE.dll
0x00007ff8e91d0000 - 0x00007ff8e92d0000 	C:\WINDOWS\System32\ucrtbase.dll
0x00007ff8e3e90000 - 0x00007ff8e3ea7000 	C:\Users\Uddin\.jdks\ms-17.0.15\bin\jli.dll
0x00007ff8d0d70000 - 0x00007ff8d0d8d000 	C:\Users\Uddin\.jdks\ms-17.0.15\bin\VCRUNTIME140.dll
0x00007ff8e9780000 - 0x00007ff8e991d000 	C:\WINDOWS\System32\USER32.dll
0x00007ff8e9120000 - 0x00007ff8e9142000 	C:\WINDOWS\System32\win32u.dll
0x00007ff8e9de0000 - 0x00007ff8e9e0b000 	C:\WINDOWS\System32\GDI32.dll
0x00007ff8e9360000 - 0x00007ff8e9479000 	C:\WINDOWS\System32\gdi32full.dll
0x00007ff8e9080000 - 0x00007ff8e911d000 	C:\WINDOWS\System32\msvcp_win.dll
0x00007ff8d9190000 - 0x00007ff8d942a000 	C:\WINDOWS\WinSxS\amd64_microsoft.windows.common-controls_6595b64144ccf1df_6.0.19041.5915_none_60b4b9d171f9c7c7\COMCTL32.dll
0x00007ff8eadd0000 - 0x00007ff8eae6e000 	C:\WINDOWS\System32\msvcrt.dll
0x00007ff8e9db0000 - 0x00007ff8e9ddf000 	C:\WINDOWS\System32\IMM32.DLL
0x00007ff8e5450000 - 0x00007ff8e545c000 	C:\Users\Uddin\.jdks\ms-17.0.15\bin\vcruntime140_1.dll
0x00007ff8c0ca0000 - 0x00007ff8c0d2d000 	C:\Users\Uddin\.jdks\ms-17.0.15\bin\msvcp140.dll
0x00007ff884cb0000 - 0x00007ff885922000 	C:\Users\Uddin\.jdks\ms-17.0.15\bin\server\jvm.dll
0x00007ff8e9e10000 - 0x00007ff8e9ec1000 	C:\WINDOWS\System32\ADVAPI32.dll
0x00007ff8e96e0000 - 0x00007ff8e977f000 	C:\WINDOWS\System32\sechost.dll
0x00007ff8eab40000 - 0x00007ff8eac63000 	C:\WINDOWS\System32\RPCRT4.dll
0x00007ff8e94d0000 - 0x00007ff8e94f7000 	C:\WINDOWS\System32\bcrypt.dll
0x00007ff8ea6c0000 - 0x00007ff8ea72b000 	C:\WINDOWS\System32\WS2_32.dll
0x00007ff8d9160000 - 0x00007ff8d9187000 	C:\WINDOWS\SYSTEM32\WINMM.dll
0x00007ff8e81a0000 - 0x00007ff8e81eb000 	C:\WINDOWS\SYSTEM32\POWRPROF.dll
0x00007ff8e1410000 - 0x00007ff8e141a000 	C:\WINDOWS\SYSTEM32\VERSION.dll
0x00007ff8e8020000 - 0x00007ff8e8032000 	C:\WINDOWS\SYSTEM32\UMPDC.dll
0x00007ff8e6aa0000 - 0x00007ff8e6ab2000 	C:\WINDOWS\SYSTEM32\kernel.appcore.dll
0x00007ff8d0d60000 - 0x00007ff8d0d6a000 	C:\Users\Uddin\.jdks\ms-17.0.15\bin\jimage.dll
0x00007ff8dad60000 - 0x00007ff8daf61000 	C:\WINDOWS\SYSTEM32\DBGHELP.DLL
0x00007ff8d5cf0000 - 0x00007ff8d5d24000 	C:\WINDOWS\SYSTEM32\dbgcore.DLL
0x00007ff8e92d0000 - 0x00007ff8e9352000 	C:\WINDOWS\System32\bcryptPrimitives.dll
0x00007ff8e38f0000 - 0x00007ff8e38fe000 	C:\Users\Uddin\.jdks\ms-17.0.15\bin\instrument.dll
0x00007ff8cc190000 - 0x00007ff8cc1b5000 	C:\Users\Uddin\.jdks\ms-17.0.15\bin\java.dll
0x00007ff8c0bc0000 - 0x00007ff8c0c96000 	C:\Users\Uddin\.jdks\ms-17.0.15\bin\jsvml.dll
0x00007ff8e9ed0000 - 0x00007ff8ea63e000 	C:\WINDOWS\System32\SHELL32.dll
0x00007ff8e6ca0000 - 0x00007ff8e7444000 	C:\WINDOWS\SYSTEM32\windows.storage.dll
0x00007ff8e9920000 - 0x00007ff8e9c73000 	C:\WINDOWS\System32\combase.dll
0x00007ff8e8650000 - 0x00007ff8e867b000 	C:\WINDOWS\SYSTEM32\Wldp.dll
0x00007ff8ead00000 - 0x00007ff8eadcd000 	C:\WINDOWS\System32\OLEAUT32.dll
0x00007ff8eb3d0000 - 0x00007ff8eb47d000 	C:\WINDOWS\System32\SHCORE.dll
0x00007ff8eac70000 - 0x00007ff8eaccb000 	C:\WINDOWS\System32\shlwapi.dll
0x00007ff8e8b50000 - 0x00007ff8e8b74000 	C:\WINDOWS\SYSTEM32\profapi.dll
0x00007ff8cc150000 - 0x00007ff8cc168000 	C:\Users\Uddin\.jdks\ms-17.0.15\bin\zip.dll
0x00007ff8ccc60000 - 0x00007ff8ccc7a000 	C:\Users\Uddin\.jdks\ms-17.0.15\bin\net.dll
0x00007ff8df420000 - 0x00007ff8df52a000 	C:\WINDOWS\SYSTEM32\WINHTTP.dll
0x00007ff8e83b0000 - 0x00007ff8e841a000 	C:\WINDOWS\system32\mswsock.dll
0x00007ff8cc170000 - 0x00007ff8cc186000 	C:\Users\Uddin\.jdks\ms-17.0.15\bin\nio.dll
0x00007ff8c4fa0000 - 0x00007ff8c4fb0000 	C:\Users\Uddin\.jdks\ms-17.0.15\bin\verify.dll
0x00007ff8e5480000 - 0x00007ff8e548a000 	C:\Users\Uddin\.jdks\ms-17.0.15\bin\management.dll
0x00007ff8e38a0000 - 0x00007ff8e38ab000 	C:\Users\Uddin\.jdks\ms-17.0.15\bin\management_ext.dll
0x00007ff8e9c80000 - 0x00007ff8e9c88000 	C:\WINDOWS\System32\PSAPI.DLL
0x00007ff8e85a0000 - 0x00007ff8e85b8000 	C:\WINDOWS\SYSTEM32\CRYPTSP.dll
0x00007ff8e7c60000 - 0x00007ff8e7c98000 	C:\WINDOWS\system32\rsaenh.dll
0x00007ff8e8b10000 - 0x00007ff8e8b3e000 	C:\WINDOWS\SYSTEM32\USERENV.dll
0x00007ff8e85c0000 - 0x00007ff8e85cc000 	C:\WINDOWS\SYSTEM32\CRYPTBASE.dll
0x00007ff8e8040000 - 0x00007ff8e807b000 	C:\WINDOWS\SYSTEM32\IPHLPAPI.DLL
0x00007ff8eacf0000 - 0x00007ff8eacf8000 	C:\WINDOWS\System32\NSI.dll
0x00007ff8e2080000 - 0x00007ff8e2097000 	C:\WINDOWS\SYSTEM32\dhcpcsvc6.DLL
0x00007ff8e2060000 - 0x00007ff8e207d000 	C:\WINDOWS\SYSTEM32\dhcpcsvc.DLL
0x00007ff8e8080000 - 0x00007ff8e814a000 	C:\WINDOWS\SYSTEM32\DNSAPI.dll
0x00007ff8db680000 - 0x00007ff8db68a000 	C:\Windows\System32\rasadhlp.dll
0x00007ff8db740000 - 0x00007ff8db7c0000 	C:\WINDOWS\System32\fwpuclnt.dll
0x00007ff8cbcd0000 - 0x00007ff8cbcd9000 	C:\Users\Uddin\.jdks\ms-17.0.15\bin\extnet.dll
0x00007ff8d0d50000 - 0x00007ff8d0d5e000 	C:\Users\Uddin\.jdks\ms-17.0.15\bin\sunmscapi.dll
0x00007ff8e8c20000 - 0x00007ff8e8d7d000 	C:\WINDOWS\System32\CRYPT32.dll
0x00007ff8e86c0000 - 0x00007ff8e86e7000 	C:\WINDOWS\SYSTEM32\ncrypt.dll
0x00007ff8e8680000 - 0x00007ff8e86bb000 	C:\WINDOWS\SYSTEM32\NTASN1.dll
0x00007ff8c9be0000 - 0x00007ff8c9be7000 	C:\WINDOWS\system32\wshunix.dll

dbghelp: loaded successfully - version: 4.0.5 - missing functions: none
symbol engine: initialized successfully - sym options: 0x614 - pdb path: .;C:\Users\Uddin\.jdks\ms-17.0.15\bin;C:\WINDOWS\SYSTEM32;C:\WINDOWS\WinSxS\amd64_microsoft.windows.common-controls_6595b64144ccf1df_6.0.19041.5915_none_60b4b9d171f9c7c7;C:\Users\Uddin\.jdks\ms-17.0.15\bin\server

VM Arguments:
jvm_args: -javaagent:C:\Users\Uddin\.m2\repository/org/aspectj/aspectjweaver/1.9.22/aspectjweaver-1.9.22.jar --add-opens=java.base/java.lang=ALL-UNNAMED --add-opens=java.base/java.lang.reflect=ALL-UNNAMED --add-opens=java.base/java.io=ALL-UNNAMED --add-opens=java.base/java.util=ALL-UNNAMED 
java_command: C:\Users\Uddin\AppData\Local\Temp\surefire12590652530769668838\surefirebooter-20250722183712703_3.jar C:\Users\Uddin\AppData\Local\Temp\surefire12590652530769668838 2025-07-22T18-37-12_408-jvmRun1 surefire-20250722183712703_1tmp surefire_0-20250722183712703_2tmp
java_class_path (initial): C:\Users\Uddin\AppData\Local\Temp\surefire12590652530769668838\surefirebooter-20250722183712703_3.jar
Launcher Type: SUN_STANDARD

[Global flags]
     intx CICompilerCount                          = 3                                         {product} {ergonomic}
     uint ConcGCThreads                            = 1                                         {product} {ergonomic}
     uint G1ConcRefinementThreads                  = 4                                         {product} {ergonomic}
   size_t G1HeapRegionSize                         = 1048576                                   {product} {ergonomic}
    uintx GCDrainStackTargetSize                   = 64                                        {product} {ergonomic}
   size_t InitialHeapSize                          = 134217728                                 {product} {ergonomic}
   size_t MarkStackSize                            = 4194304                                   {product} {ergonomic}
   size_t MaxHeapSize                              = 2126512128                                {product} {ergonomic}
   size_t MaxNewSize                               = 1275068416                                {product} {ergonomic}
   size_t MinHeapDeltaBytes                        = 1048576                                   {product} {ergonomic}
   size_t MinHeapSize                              = 8388608                                   {product} {ergonomic}
    uintx NonNMethodCodeHeapSize                   = 5832780                                {pd product} {ergonomic}
    uintx NonProfiledCodeHeapSize                  = 122912730                              {pd product} {ergonomic}
    uintx ProfiledCodeHeapSize                     = 122912730                              {pd product} {ergonomic}
    uintx ReservedCodeCacheSize                    = 251658240                              {pd product} {ergonomic}
     bool SegmentedCodeCache                       = true                                      {product} {ergonomic}
   size_t SoftMaxHeapSize                          = 2126512128                             {manageable} {ergonomic}
     bool UseCompressedClassPointers               = true                           {product lp64_product} {ergonomic}
     bool UseCompressedOops                        = true                           {product lp64_product} {ergonomic}
     bool UseG1GC                                  = true                                      {product} {ergonomic}
     bool UseLargePagesIndividualAllocation        = false                                  {pd product} {ergonomic}

Logging:
Log output configuration:
 #0: stdout all=warning uptime,level,tags
 #1: stderr all=off uptime,level,tags

Environment Variables:
JAVA_HOME=C:\Program Files\Java\jdk-17
PATH=C:\Program Files\Common Files\Oracle\Java\javapath;C:\Program Files\Python313\Scripts\;C:\Program Files\Python313\;C:\Program Files (x86)\Common Files\Oracle\Java\javapath;C:\Program Files (x86)\Intel\iCLS Client\;C:\Program Files\Intel\iCLS Client\;C:\WINDOWS\system32;C:\WINDOWS;C:\WINDOWS\System32\Wbem;C:\WINDOWS\System32\WindowsPowerShell\v1.0\;C:\Program Files (x86)\Intel\Intel(R) Management Engine Components\DAL;C:\Program Files\Intel\Intel(R) Management Engine Components\DAL;C:\Program Files (x86)\Intel\Intel(R) Management Engine Components\IPT;C:\Program Files\Intel\Intel(R) Management Engine Components\IPT;C:\Program Files\Samsung\SamsungLink\AllShare Framework DMS\bin\;C:\WINDOWS\System32\OpenSSH\;C:\Program Files\Git\cmd;C:\Program Files\Microsoft SQL Server\120\Tools\Binn\;C:\Program Files\nodejs\;C:\Program Files\Docker\Docker\resources\bin;C:\ProgramData\chocolatey\bin;C:\Program Files\apache-maven-3.9.10\bin;C:\Program Files\platform-tools;JAVA_HOME\bin\bin;C:\Users\Uddin\AppData\Local\Programs\Python\Python313\Scripts\;C:\Users\Uddin\AppData\Local\Programs\Python\Python313\;C:\Users\Uddin\AppData\Local\Programs\Python\Python38\Scripts\;C:\Users\Uddin\AppData\Local\Programs\Python\Python38\;C:\Users\Uddin\AppData\Local\Microsoft\WindowsApps;C:\Program Files\heroku\bin;C:\Users\Uddin\AppData\Local\Programs\Microsoft VS Code\bin;C:\Program Files\JetBrains\PyCharm Community Edition 2020.3.2\bin;;C:\Program Files\gradle-6.8.1\bin;C:\Users\Uddin\AppData\Roaming\npm;C:\Program Files\JetBrains\IntelliJ IDEA Community Edition 2025.1.1.1\bin;;C:\Users\Uddin\AppData\Local\Programs\Microsoft VS Code Insiders\bin;C:\Program Files\JetBrains\IntelliJ IDEA 2025.1.3\bin;;%ANDROID_HOME%;%ANDRIOD_HOME%\platform-tools;%ANDRIOD_HOME%\tools;C:\Users\Uddin\AppData\Local\Android\Sdk;C:\Program Files\Java\jdk-17\bin;
USERNAME=Uddin
OS=Windows_NT
PROCESSOR_IDENTIFIER=Intel64 Family 6 Model 78 Stepping 3, GenuineIntel
TMP=C:\Users\Uddin\AppData\Local\Temp
TEMP=C:\Users\Uddin\AppData\Local\Temp



Periodic native trim disabled


---------------  S Y S T E M  ---------------

OS:
 Windows 10 , 64 bit Build 19041 (10.0.19041.5915)
OS uptime: 1 days 3:44 hours
Hyper-V role detected

CPU: total 4 (initial active 4) (2 cores per cpu, 2 threads per core) family 6 model 78 stepping 3 microcode 0xcc, cx8, cmov, fxsr, ht, mmx, 3dnowpref, sse, sse2, sse3, ssse3, sse4.1, sse4.2, popcnt, lzcnt, tsc, tscinvbit, avx, avx2, aes, erms, clmul, bmi1, bmi2, adx, fma, vzeroupper, clflush, clflushopt, hv
Processor Information for the first 4 processors :
  Max Mhz: 2592, Current Mhz: 2492, Mhz Limit: 2488

Memory: 4k page, system-wide physical 8108M (240M free)
TotalPageFile size 32684M (AvailPageFile size 4M)
current process WorkingSet (physical memory assigned to process): 298M, peak: 302M
current process commit charge ("private bytes"): 329M, peak: 335M

vm_info: OpenJDK 64-Bit Server VM (17.0.15+6-LTS) for windows-amd64 JRE (17.0.15+6-LTS), built on Apr  9 2025 22:27:25 by "MicrosoftCorporation" with unknown MS VC++:1939

END.
